<?xml version="1.0" encoding="UTF-8"?>
<!-- Generated by org.testng.reporters.JUnitReportReporter -->
<testsuite hostname="meem" failures="0" tests="1" name="selenium_TestCase.TestCase" time="12.308" errors="0" timestamp="2023-01-26T01:06:15 EST" skipped="0">
  <testcase classname="selenium_TestCase.TestCase" name="creatLead" time="12.308"/>
</testsuite> <!-- selenium_TestCase.TestCase -->
