<?xml version="1.0" encoding="UTF-8"?>
<!-- Generated by org.testng.reporters.JUnitReportReporter -->
<testsuite hostname="meem" failures="0" tests="3" name="steps.Runner" time="2.617" errors="0" timestamp="2023-01-07T13:00:56 EST" skipped="3">
  <testcase classname="steps.Runner" name="runScenario" time="2.614">
    <skipped/>
  </testcase> <!-- runScenario -->
  <testcase classname="steps.Runner" name="runScenario" time="0.001">
    <skipped/>
  </testcase> <!-- runScenario -->
  <testcase classname="steps.Runner" name="runScenario" time="0.002">
    <skipped/>
  </testcase> <!-- runScenario -->
</testsuite> <!-- steps.Runner -->
